<?xml version="1.0" encoding="UTF-8"?>
<!-- Generated by org.testng.reporters.JUnitReportReporter -->
<testsuite hostname="IT-832L-NJ" failures="0" tests="2" name="tests.RunSurvey" time="12.548" errors="0" timestamp="2024-12-05T15:03:30 EST" skipped="1">
  <testcase classname="tests.RunSurvey" name="QuickExcution" time="12.548"/>
  <testcase classname="tests.RunSurvey" name="SlowExcution">
    <skipped/>
  </testcase> <!-- SlowExcution -->
</testsuite> <!-- tests.RunSurvey -->
