<?xml version="1.0" encoding="UTF-8"?>
<!-- Generated by org.testng.reporters.JUnitReportReporter -->
<testsuite hostname="IT-832L-NJ" failures="0" tests="2" name="tests.RunSurvey" time="45.471" errors="0" timestamp="2024-11-08T10:55:10 EST" skipped="1">
  <testcase classname="tests.RunSurvey" name="SlowExcution" time="45.471"/>
  <testcase classname="tests.RunSurvey" name="QuickExcution">
    <skipped/>
  </testcase> <!-- QuickExcution -->
</testsuite> <!-- tests.RunSurvey -->
