<?xml version="1.0" encoding="UTF-8"?>
<!-- Generated by org.testng.reporters.JUnitReportReporter -->
<testsuite hostname="IT-832L-NJ" failures="0" tests="2" name="tests.RunSurvey" time="42.596" errors="0" timestamp="2024-11-15T10:34:37 EST" skipped="1">
  <testcase classname="tests.RunSurvey" name="SlowExcution" time="42.596"/>
  <testcase classname="tests.RunSurvey" name="QuickExcution">
    <skipped/>
  </testcase> <!-- QuickExcution -->
</testsuite> <!-- tests.RunSurvey -->
